Added Component: Designator=C1(Nichicon Bi-Polar 6.3mm)
Add component. Clean all parameters for all variants
Add component (AddParameter): Name = "Case-EIA"; Value = "1206"; VariantName = "[No Variations]"
Add component (AddParameter): Name = "Case-Metric"; Value = "3216"; VariantName = "[No Variations]"
Add component (AddParameter): Name = "Distributor"; Value = "Mouser"; VariantName = "[No Variations]"
Add component (AddParameter): Name = "Distributor_Pn"; Value = "647-UEP1E470MED"; VariantName = "[No Variations]"
Add component (AddParameter): Name = "Max Thickness"; Value = "1.9 mm"; VariantName = "[No Variations]"
Add component (AddParameter): Name = "Mfr"; Value = "Nichicon"; VariantName = "[No Variations]"
Add component (AddParameter): Name = "Mfr_Pn"; Value = "UEP1E470MED"; VariantName = "[No Variations]"
Add component (AddParameter): Name = "Rated Voltage"; Value = "10 V"; VariantName = "[No Variations]"
Add component (AddParameter): Name = "Technology"; Value = "SMT"; VariantName = "[No Variations]"
Add component (AddParameter): Name = "Tolerance"; Value = "±20%"; VariantName = "[No Variations]"
Add component (AddParameter): Name = "Value"; Value = "47uF"; VariantName = "[No Variations]"
Added Component: Designator=C2(Nichicon Bi-Polar 6.3mm)
Add component. Clean all parameters for all variants
Add component (AddParameter): Name = "Case-EIA"; Value = "1206"; VariantName = "[No Variations]"
Add component (AddParameter): Name = "Case-Metric"; Value = "3216"; VariantName = "[No Variations]"
Add component (AddParameter): Name = "Distributor"; Value = "Mouser"; VariantName = "[No Variations]"
Add component (AddParameter): Name = "Distributor_Pn"; Value = "647-UEP1E470MED"; VariantName = "[No Variations]"
Add component (AddParameter): Name = "Max Thickness"; Value = "1.9 mm"; VariantName = "[No Variations]"
Add component (AddParameter): Name = "Mfr"; Value = "Nichicon"; VariantName = "[No Variations]"
Add component (AddParameter): Name = "Mfr_Pn"; Value = "UEP1E470MED"; VariantName = "[No Variations]"
Add component (AddParameter): Name = "Rated Voltage"; Value = "10 V"; VariantName = "[No Variations]"
Add component (AddParameter): Name = "Technology"; Value = "SMT"; VariantName = "[No Variations]"
Add component (AddParameter): Name = "Tolerance"; Value = "±20%"; VariantName = "[No Variations]"
Add component (AddParameter): Name = "Value"; Value = "47uF"; VariantName = "[No Variations]"
Added Component: Designator=C3(NIC-CAPA2-4X5.8_V)
Add component. Clean all parameters for all variants
Add component (AddParameter): Name = "Distributor"; Value = "Mouser"; VariantName = "[No Variations]"
Add component (AddParameter): Name = "Distributor_Pn"; Value = "80-EDH106M025S9BAA"; VariantName = "[No Variations]"
Add component (AddParameter): Name = "Mfr"; Value = "Kemet"; VariantName = "[No Variations]"
Add component (AddParameter): Name = "Mfr_Pn"; Value = "EDH106M025S9BAA"; VariantName = "[No Variations]"
Added Component: Designator=C4(WIMA Poly Cap)
Add component. Clean all parameters for all variants
Add component (AddParameter): Name = "Case-EIA"; Value = "1206"; VariantName = "[No Variations]"
Add component (AddParameter): Name = "Case-Metric"; Value = "3216"; VariantName = "[No Variations]"
Add component (AddParameter): Name = "Distributor"; Value = "Mouser"; VariantName = "[No Variations]"
Add component (AddParameter): Name = "Distributor_Pn"; Value = "505-MKS02.1/63/10"; VariantName = "[No Variations]"
Add component (AddParameter): Name = "Max Thickness"; Value = "1.9 mm"; VariantName = "[No Variations]"
Add component (AddParameter): Name = "Mfr"; Value = "WIMA"; VariantName = "[No Variations]"
Add component (AddParameter): Name = "Mfr_Pn"; Value = "MKS0C031000C00KSSD"; VariantName = "[No Variations]"
Add component (AddParameter): Name = "Rated Voltage"; Value = "10 V"; VariantName = "[No Variations]"
Add component (AddParameter): Name = "Technology"; Value = "SMT"; VariantName = "[No Variations]"
Add component (AddParameter): Name = "Tolerance"; Value = "±20%"; VariantName = "[No Variations]"
Add component (AddParameter): Name = "Type"; Value = "Poly"; VariantName = "[No Variations]"
Add component (AddParameter): Name = "Value"; Value = "100nF"; VariantName = "[No Variations]"
Added Component: Designator=C5(0603)
Add component. Clean all parameters for all variants
Add component (AddParameter): Name = "Case-EIA"; Value = "1206"; VariantName = "[No Variations]"
Add component (AddParameter): Name = "Case-Metric"; Value = "3216"; VariantName = "[No Variations]"
Add component (AddParameter): Name = "Distributor"; Value = "Mouser"; VariantName = "[No Variations]"
Add component (AddParameter): Name = "Distributor_Pn"; Value = "603-C0603FRNPO9BN470"; VariantName = "[No Variations]"
Add component (AddParameter): Name = "Mfr"; Value = "Yageo"; VariantName = "[No Variations]"
Add component (AddParameter): Name = "Mfr_Pn"; Value = "C0603FRNPO9BN470"; VariantName = "[No Variations]"
Add component (AddParameter): Name = "Type"; Value = "NPO"; VariantName = "[No Variations]"
Add component (AddParameter): Name = "Value"; Value = "47uF"; VariantName = "[No Variations]"
Added Component: Designator=C6(CAPC1206(3216)190_N)
Add component. Clean all parameters for all variants
Add component (AddParameter): Name = "Case-EIA"; Value = "1206"; VariantName = "[No Variations]"
Add component (AddParameter): Name = "Case-Metric"; Value = "3216"; VariantName = "[No Variations]"
Add component (AddParameter): Name = "Distributor"; Value = "Mouser"; VariantName = "[No Variations]"
Add component (AddParameter): Name = "Distributor_Pn"; Value = "81-GRM188R71H473KA61"; VariantName = "[No Variations]"
Add component (AddParameter): Name = "Max Thickness"; Value = "1.9 mm"; VariantName = "[No Variations]"
Add component (AddParameter): Name = "Mfr"; Value = "Murata"; VariantName = "[No Variations]"
Add component (AddParameter): Name = "Mfr_Pn"; Value = "GRM188R71H473KA61D"; VariantName = "[No Variations]"
Add component (AddParameter): Name = "Rated Voltage"; Value = "10 V"; VariantName = "[No Variations]"
Add component (AddParameter): Name = "Technology"; Value = "SMT"; VariantName = "[No Variations]"
Add component (AddParameter): Name = "Tolerance"; Value = "±20%"; VariantName = "[No Variations]"
Add component (AddParameter): Name = "Value"; Value = "47uF"; VariantName = "[No Variations]"
Added Component: Designator=C7(CAPC0603(1608)100_M)
Add component. Clean all parameters for all variants
Add component (AddParameter): Name = "Distributor"; Value = "Mouser"; VariantName = "[No Variations]"
Add component (AddParameter): Name = "Distributor_Pn"; Value = "581-MM035C104KCZ2A"; VariantName = "[No Variations]"
Add component (AddParameter): Name = "Mfr"; Value = "AVX"; VariantName = "[No Variations]"
Add component (AddParameter): Name = "Mfr_Pn"; Value = "MM035C104KCZ2A"; VariantName = "[No Variations]"
Added Component: Designator=C8(CAPC0805(2012)155_L)
Add component. Clean all parameters for all variants
Add component (AddParameter): Name = "Case-EIA"; Value = "0805"; VariantName = "[No Variations]"
Add component (AddParameter): Name = "Case-Metric"; Value = "2012"; VariantName = "[No Variations]"
Add component (AddParameter): Name = "Distributor"; Value = "Mouser"; VariantName = "[No Variations]"
Add component (AddParameter): Name = "Distributor_Pn"; Value = "81-GCJ21BL81E105KA1L"; VariantName = "[No Variations]"
Add component (AddParameter): Name = "Max Thickness"; Value = "1.55 mm"; VariantName = "[No Variations]"
Add component (AddParameter): Name = "Mfr"; Value = "Murata"; VariantName = "[No Variations]"
Add component (AddParameter): Name = "Mfr_Pn"; Value = "GCJ21BL81E105KA1L"; VariantName = "[No Variations]"
Add component (AddParameter): Name = "Rated Voltage"; Value = "10 V"; VariantName = "[No Variations]"
Add component (AddParameter): Name = "Technology"; Value = "SMT"; VariantName = "[No Variations]"
Add component (AddParameter): Name = "Tolerance"; Value = "±10%"; VariantName = "[No Variations]"
Add component (AddParameter): Name = "Value"; Value = "1uF"; VariantName = "[No Variations]"
Added Component: Designator=C9(CAPC0603(1608)100_M)
Add component. Clean all parameters for all variants
Add component (AddParameter): Name = "Distributor"; Value = "Mouser"; VariantName = "[No Variations]"
Add component (AddParameter): Name = "Distributor_Pn"; Value = "581-MM035C104KCZ2A"; VariantName = "[No Variations]"
Add component (AddParameter): Name = "Mfr"; Value = "AVX"; VariantName = "[No Variations]"
Add component (AddParameter): Name = "Mfr_Pn"; Value = "MM035C104KCZ2A"; VariantName = "[No Variations]"
Added Component: Designator=C10(CAPC0603(1608)100_M)
Add component. Clean all parameters for all variants
Add component (AddParameter): Name = "Distributor"; Value = "Mouser"; VariantName = "[No Variations]"
Add component (AddParameter): Name = "Distributor_Pn"; Value = "581-MM035C104KCZ2A"; VariantName = "[No Variations]"
Add component (AddParameter): Name = "Mfr"; Value = "AVX"; VariantName = "[No Variations]"
Add component (AddParameter): Name = "Mfr_Pn"; Value = "MM035C104KCZ2A"; VariantName = "[No Variations]"
Added Component: Designator=C11(CAPC0805(2012)155_L)
Add component. Clean all parameters for all variants
Add component (AddParameter): Name = "Case-EIA"; Value = "0805"; VariantName = "[No Variations]"
Add component (AddParameter): Name = "Case-Metric"; Value = "2012"; VariantName = "[No Variations]"
Add component (AddParameter): Name = "Distributor"; Value = "Mouser"; VariantName = "[No Variations]"
Add component (AddParameter): Name = "Distributor_Pn"; Value = "81-GRM21BC71E106KE1L"; VariantName = "[No Variations]"
Add component (AddParameter): Name = "Max Thickness"; Value = "1.55 mm"; VariantName = "[No Variations]"
Add component (AddParameter): Name = "Mfr"; Value = "Murata"; VariantName = "[No Variations]"
Add component (AddParameter): Name = "Mfr_Pn"; Value = "GRM21BC71E106KE11L"; VariantName = "[No Variations]"
Add component (AddParameter): Name = "Rated Voltage"; Value = "10 V"; VariantName = "[No Variations]"
Add component (AddParameter): Name = "Technology"; Value = "SMT"; VariantName = "[No Variations]"
Add component (AddParameter): Name = "Tolerance"; Value = "±10%"; VariantName = "[No Variations]"
Add component (AddParameter): Name = "Value"; Value = "10uF"; VariantName = "[No Variations]"
Added Component: Designator=C12(NIC-CAPA2-4X5.8_V)
Add component. Clean all parameters for all variants
Add component (AddParameter): Name = "Distributor"; Value = "Mouser"; VariantName = "[No Variations]"
Add component (AddParameter): Name = "Distributor_Pn"; Value = "80-EDH106M025S9BAA"; VariantName = "[No Variations]"
Add component (AddParameter): Name = "Mfr"; Value = "Kemet"; VariantName = "[No Variations]"
Add component (AddParameter): Name = "Mfr_Pn"; Value = "EDH106M025S9BAA"; VariantName = "[No Variations]"
Added Component: Designator=C13(CAPC0603(1608)100_M)
Add component. Clean all parameters for all variants
Add component (AddParameter): Name = "Distributor"; Value = "Mouser"; VariantName = "[No Variations]"
Add component (AddParameter): Name = "Distributor_Pn"; Value = "581-MM035C104KCZ2A"; VariantName = "[No Variations]"
Add component (AddParameter): Name = "Mfr"; Value = "AVX"; VariantName = "[No Variations]"
Add component (AddParameter): Name = "Mfr_Pn"; Value = "MM035C104KCZ2A"; VariantName = "[No Variations]"
Added Component: Designator=C14(NIC-CAPA2-4X5.8_V)
Add component. Clean all parameters for all variants
Add component (AddParameter): Name = "Distributor"; Value = "Mouser"; VariantName = "[No Variations]"
Add component (AddParameter): Name = "Distributor_Pn"; Value = "80-EDH106M025S9BAA"; VariantName = "[No Variations]"
Add component (AddParameter): Name = "Mfr"; Value = "Kemet"; VariantName = "[No Variations]"
Add component (AddParameter): Name = "Mfr_Pn"; Value = "EDH106M025S9BAA"; VariantName = "[No Variations]"
Added Component: Designator=C15(CAPC0603(1608)100_M)
Add component. Clean all parameters for all variants
Add component (AddParameter): Name = "Distributor"; Value = "Mouser"; VariantName = "[No Variations]"
Add component (AddParameter): Name = "Distributor_Pn"; Value = "581-MM035C104KCZ2A"; VariantName = "[No Variations]"
Add component (AddParameter): Name = "Mfr"; Value = "AVX"; VariantName = "[No Variations]"
Add component (AddParameter): Name = "Mfr_Pn"; Value = "MM035C104KCZ2A"; VariantName = "[No Variations]"
Added Component: Designator=CV(PIN1)
Add component. Clean all parameters for all variants
Add component (AddParameter): Name = "Distributor"; Value = "Mouser"; VariantName = "[No Variations]"
Add component (AddParameter): Name = "Distributor_Pn"; Value = ""; VariantName = "[No Variations]"
Add component (AddParameter): Name = "LatestRevisionDate"; Value = "17-Jul-2002"; VariantName = "[No Variations]"
Add component (AddParameter): Name = "LatestRevisionNote"; Value = "Re-released for DXP Platform."; VariantName = "[No Variations]"
Add component (AddParameter): Name = "Publisher"; Value = "Altium Limited"; VariantName = "[No Variations]"
Added Component: Designator=D4(DIOD-SOD-123-2_V)
Add component. Clean all parameters for all variants
Add component (AddParameter): Name = "Distributor"; Value = "Mouser"; VariantName = "[No Variations]"
Add component (AddParameter): Name = "Distributor_Pn"; Value = "621-1N5819HW-F"; VariantName = "[No Variations]"
Add component (AddParameter): Name = "Mfr"; Value = "Diodes Inc."; VariantName = "[No Variations]"
Add component (AddParameter): Name = "Mfr_Pn"; Value = "1N5819HW-7-F"; VariantName = "[No Variations]"
Added Component: Designator=D5(DIOD-SOD-123-2_V)
Add component. Clean all parameters for all variants
Add component (AddParameter): Name = "Distributor"; Value = "Mouser"; VariantName = "[No Variations]"
Add component (AddParameter): Name = "Distributor_Pn"; Value = "621-1N5819HW-F"; VariantName = "[No Variations]"
Add component (AddParameter): Name = "Mfr"; Value = "Diodes Inc."; VariantName = "[No Variations]"
Add component (AddParameter): Name = "Mfr_Pn"; Value = "1N5819HW-7-F"; VariantName = "[No Variations]"
Added Component: Designator=EC+(PIN1)
Add component. Clean all parameters for all variants
Add component (AddParameter): Name = "Distributor"; Value = "Mouser"; VariantName = "[No Variations]"
Add component (AddParameter): Name = "Distributor_Pn"; Value = ""; VariantName = "[No Variations]"
Add component (AddParameter): Name = "LatestRevisionDate"; Value = "17-Jul-2002"; VariantName = "[No Variations]"
Add component (AddParameter): Name = "LatestRevisionNote"; Value = "Re-released for DXP Platform."; VariantName = "[No Variations]"
Add component (AddParameter): Name = "Publisher"; Value = "Altium Limited"; VariantName = "[No Variations]"
Added Component: Designator=J1(Thonkiconn Pot PJ301M)
Add component. Clean all parameters for all variants
Add component (AddParameter): Name = "Distributor"; Value = "Mouser"; VariantName = "[No Variations]"
Add component (AddParameter): Name = "Distributor_Pn"; Value = ""; VariantName = "[No Variations]"
Added Component: Designator=J2(Thonkiconn Pot PJ301M)
Add component. Clean all parameters for all variants
Add component (AddParameter): Name = "Distributor"; Value = "Mouser"; VariantName = "[No Variations]"
Add component (AddParameter): Name = "Distributor_Pn"; Value = ""; VariantName = "[No Variations]"
Added Component: Designator=J3(Thonkiconn Pot PJ301M)
Add component. Clean all parameters for all variants
Add component (AddParameter): Name = "Distributor"; Value = "Mouser"; VariantName = "[No Variations]"
Add component (AddParameter): Name = "Distributor_Pn"; Value = ""; VariantName = "[No Variations]"
Added Component: Designator=P1(HDR2X5)
Add component. Clean all parameters for all variants
Add component (AddParameter): Name = "Ditributor_Pn"; Value = "855-M20-9980545"; VariantName = "[No Variations]"
Add component (AddParameter): Name = "LatestRevisionDate"; Value = "17-Jul-2002"; VariantName = "[No Variations]"
Add component (AddParameter): Name = "LatestRevisionNote"; Value = "Re-released for DXP Platform."; VariantName = "[No Variations]"
Add component (AddParameter): Name = "Publisher"; Value = "Altium Limited"; VariantName = "[No Variations]"
Added Component: Designator=Q1(SOT23_M)
Add component. Clean all parameters for all variants
Add component (AddParameter): Name = "ComponentLink1Description"; Value = "Manufacturer Link"; VariantName = "[No Variations]"
Add component (AddParameter): Name = "ComponentLink1URL"; Value = "http://www.fairchildsemi.com/"; VariantName = "[No Variations]"
Add component (AddParameter): Name = "ComponentLink2Description"; Value = "Datasheet"; VariantName = "[No Variations]"
Add component (AddParameter): Name = "ComponentLink2URL"; Value = "http://www.fairchildsemi.com/ds/2N%2F2N3906.pdf"; VariantName = "[No Variations]"
Add component (AddParameter): Name = "DatasheetVersion"; Value = "1997"; VariantName = "[No Variations]"
Add component (AddParameter): Name = "Distributor"; Value = "Mouser"; VariantName = "[No Variations]"
Add component (AddParameter): Name = "Distributor_Pn"; Value = "863-MMBT3906LT1G"; VariantName = "[No Variations]"
Add component (AddParameter): Name = "LatestRevisionDate"; Value = "15-Jan-2003"; VariantName = "[No Variations]"
Add component (AddParameter): Name = "LatestRevisionNote"; Value = "PCB Footprint 'BCY-W3/D4.7' replaced"; VariantName = "[No Variations]"
Add component (AddParameter): Name = "Mfr"; Value = "On Semi"; VariantName = "[No Variations]"
Add component (AddParameter): Name = "Mfr_Pn"; Value = "MMBT3906LT1G"; VariantName = "[No Variations]"
Add component (AddParameter): Name = "PackageDescription"; Value = "TO, Flat Index; 3 In-Line, Axial Leads; Body Dia. 4.5mm; Leads 0.51 x 0.48 mm (max)"; VariantName = "[No Variations]"
Add component (AddParameter): Name = "PackageReference"; Value = "TO-92A"; VariantName = "[No Variations]"
Add component (AddParameter): Name = "PackageVersion"; Value = "Sep-1998"; VariantName = "[No Variations]"
Add component (AddParameter): Name = "Published"; Value = "8-Jun-2000"; VariantName = "[No Variations]"
Add component (AddParameter): Name = "Publisher"; Value = "Altium Limited"; VariantName = "[No Variations]"
Added Component: Designator=Q2(SOT23_M)
Add component. Clean all parameters for all variants
Add component (AddParameter): Name = "ComponentLink1Description"; Value = "Manufacturer Link"; VariantName = "[No Variations]"
Add component (AddParameter): Name = "ComponentLink1URL"; Value = "http://www.fairchildsemi.com/"; VariantName = "[No Variations]"
Add component (AddParameter): Name = "ComponentLink2Description"; Value = "Datasheet"; VariantName = "[No Variations]"
Add component (AddParameter): Name = "ComponentLink2URL"; Value = "http://www.fairchildsemi.com/ds/2N%2F2N3906.pdf"; VariantName = "[No Variations]"
Add component (AddParameter): Name = "DatasheetVersion"; Value = "1997"; VariantName = "[No Variations]"
Add component (AddParameter): Name = "Distributor"; Value = "Mouser"; VariantName = "[No Variations]"
Add component (AddParameter): Name = "Distributor_Pn"; Value = "863-MMBT3906LT1G"; VariantName = "[No Variations]"
Add component (AddParameter): Name = "LatestRevisionDate"; Value = "15-Jan-2003"; VariantName = "[No Variations]"
Add component (AddParameter): Name = "LatestRevisionNote"; Value = "PCB Footprint 'BCY-W3/D4.7' replaced"; VariantName = "[No Variations]"
Add component (AddParameter): Name = "Mfr"; Value = "On Semi"; VariantName = "[No Variations]"
Add component (AddParameter): Name = "Mfr_Pn"; Value = "MMBT3906LT1G"; VariantName = "[No Variations]"
Add component (AddParameter): Name = "PackageDescription"; Value = "TO, Flat Index; 3 In-Line, Axial Leads; Body Dia. 4.5mm; Leads 0.51 x 0.48 mm (max)"; VariantName = "[No Variations]"
Add component (AddParameter): Name = "PackageReference"; Value = "TO-92A"; VariantName = "[No Variations]"
Add component (AddParameter): Name = "PackageVersion"; Value = "Sep-1998"; VariantName = "[No Variations]"
Add component (AddParameter): Name = "Published"; Value = "8-Jun-2000"; VariantName = "[No Variations]"
Add component (AddParameter): Name = "Publisher"; Value = "Altium Limited"; VariantName = "[No Variations]"
Added Component: Designator=R1(RESC0603(1608)_M)
Add component. Clean all parameters for all variants
Add component (AddParameter): Name = "Case-EIA"; Value = "0603"; VariantName = "[No Variations]"
Add component (AddParameter): Name = "Distributor"; Value = "Mouser"; VariantName = "[No Variations]"
Add component (AddParameter): Name = "Distributor_Pn"; Value = "603-RC0603FR-071M6L"; VariantName = "[No Variations]"
Add component (AddParameter): Name = "Mfr"; Value = "Yageo"; VariantName = "[No Variations]"
Add component (AddParameter): Name = "Mfr_Pn"; Value = "RC0603FR-071M6L"; VariantName = "[No Variations]"
Add component (AddParameter): Name = "Tolerance"; Value = "5 %"; VariantName = "[No Variations]"
Add component (AddParameter): Name = "Value"; Value = "1.6M"; VariantName = "[No Variations]"
Added Component: Designator=R2(RESC0603(1608)_M)
Add component. Clean all parameters for all variants
Add component (AddParameter): Name = "Case-EIA"; Value = "0603"; VariantName = "[No Variations]"
Add component (AddParameter): Name = "Distributor"; Value = "Mouser"; VariantName = "[No Variations]"
Add component (AddParameter): Name = "Distributor_Pn"; Value = "603-RT0603FRE07100KL"; VariantName = "[No Variations]"
Add component (AddParameter): Name = "Mfr"; Value = "Yageo"; VariantName = "[No Variations]"
Add component (AddParameter): Name = "Mfr_Pn"; Value = "RT0603FRE07100KL"; VariantName = "[No Variations]"
Add component (AddParameter): Name = "Tolerance"; Value = "1 %"; VariantName = "[No Variations]"
Add component (AddParameter): Name = "Value"; Value = "100k"; VariantName = "[No Variations]"
Added Component: Designator=R3(RESC0603(1608)_M)
Add component. Clean all parameters for all variants
Add component (AddParameter): Name = "Case-EIA"; Value = "0603"; VariantName = "[No Variations]"
Add component (AddParameter): Name = "Distributor"; Value = "Mouser"; VariantName = "[No Variations]"
Add component (AddParameter): Name = "Distributor_Pn"; Value = "603-RT0603FRE0720KL"; VariantName = "[No Variations]"
Add component (AddParameter): Name = "Mfr"; Value = "Yageo"; VariantName = "[No Variations]"
Add component (AddParameter): Name = "Mfr_Pn"; Value = "RT0603FRE0720KL"; VariantName = "[No Variations]"
Add component (AddParameter): Name = "Tolerance"; Value = "1%"; VariantName = "[No Variations]"
Add component (AddParameter): Name = "Value"; Value = "20k"; VariantName = "[No Variations]"
Added Component: Designator=R4(6-0805_L)
Add component. Clean all parameters for all variants
Add component (AddParameter): Name = "Case-EIA"; Value = "0603"; VariantName = "[No Variations]"
Add component (AddParameter): Name = "Distributor"; Value = "Mouser"; VariantName = "[No Variations]"
Add component (AddParameter): Name = "Distributor_Pn"; Value = "603-RT1206FRE07806KL"; VariantName = "[No Variations]"
Add component (AddParameter): Name = "Mfr"; Value = "Yageo"; VariantName = "[No Variations]"
Add component (AddParameter): Name = "Mfr_Pn"; Value = "RT1206FRE07806KL"; VariantName = "[No Variations]"
Add component (AddParameter): Name = "Tolerance"; Value = "5 %"; VariantName = "[No Variations]"
Add component (AddParameter): Name = "Value"; Value = "806k"; VariantName = "[No Variations]"
Added Component: Designator=R5(6-0805_L)
Add component. Clean all parameters for all variants
Add component (AddParameter): Name = "Case-EIA"; Value = "0603"; VariantName = "[No Variations]"
Add component (AddParameter): Name = "Distributor"; Value = "Mouser"; VariantName = "[No Variations]"
Add component (AddParameter): Name = "Distributor_Pn"; Value = "279-RN73CA-6.04K"; VariantName = "[No Variations]"
Add component (AddParameter): Name = "Mfr"; Value = "TE Connectivity"; VariantName = "[No Variations]"
Add component (AddParameter): Name = "Mfr_Pn"; Value = "RN73C2A6K04BTDF"; VariantName = "[No Variations]"
Add component (AddParameter): Name = "Temp Cpef"; Value = "3300ppm"; VariantName = "[No Variations]"
Add component (AddParameter): Name = "Tolerance"; Value = "5 %"; VariantName = "[No Variations]"
Add component (AddParameter): Name = "Value"; Value = "6.04k"; VariantName = "[No Variations]"
Added Component: Designator=R6(6-0805_L)
Add component. Clean all parameters for all variants
Add component (AddParameter): Name = "Case-EIA"; Value = "0603"; VariantName = "[No Variations]"
Add component (AddParameter): Name = "Distributor"; Value = "Mouser"; VariantName = "[No Variations]"
Add component (AddParameter): Name = "Distributor_Pn"; Value = "603-RT1206FRE07806KL"; VariantName = "[No Variations]"
Add component (AddParameter): Name = "Mfr"; Value = "Yageo"; VariantName = "[No Variations]"
Add component (AddParameter): Name = "Mfr_Pn"; Value = "RT1206FRE07806KL"; VariantName = "[No Variations]"
Add component (AddParameter): Name = "Tolerance"; Value = "5 %"; VariantName = "[No Variations]"
Add component (AddParameter): Name = "Value"; Value = "806k"; VariantName = "[No Variations]"
Added Component: Designator=R7(RESC0603(1608)_M)
Add component. Clean all parameters for all variants
Add component (AddParameter): Name = "Case-EIA"; Value = "0603"; VariantName = "[No Variations]"
Add component (AddParameter): Name = "Distributor"; Value = "Mouser"; VariantName = "[No Variations]"
Add component (AddParameter): Name = "Distributor_Pn"; Value = "603-RT0603FRE0712KL"; VariantName = "[No Variations]"
Add component (AddParameter): Name = "Mfr"; Value = "Yageo"; VariantName = "[No Variations]"
Add component (AddParameter): Name = "Mfr_Pn"; Value = "RT0603FRE0712KL"; VariantName = "[No Variations]"
Add component (AddParameter): Name = "Tolerance"; Value = "5 %"; VariantName = "[No Variations]"
Add component (AddParameter): Name = "Value"; Value = "12k"; VariantName = "[No Variations]"
Added Component: Designator=R8(RESC0603(1608)_M)
Add component. Clean all parameters for all variants
Add component (AddParameter): Name = "Case-EIA"; Value = "0603"; VariantName = "[No Variations]"
Add component (AddParameter): Name = "Distributor"; Value = "Mouser"; VariantName = "[No Variations]"
Add component (AddParameter): Name = "Distributor_Pn"; Value = "603-RT0603FRE07100KL"; VariantName = "[No Variations]"
Add component (AddParameter): Name = "Mfr"; Value = "Yageo"; VariantName = "[No Variations]"
Add component (AddParameter): Name = "Mfr_Pn"; Value = "RT0603FRE07100KL"; VariantName = "[No Variations]"
Add component (AddParameter): Name = "Tolerance"; Value = "1 %"; VariantName = "[No Variations]"
Add component (AddParameter): Name = "Value"; Value = "100k"; VariantName = "[No Variations]"
Added Component: Designator=R9(RESC0603(1608)_M)
Add component. Clean all parameters for all variants
Add component (AddParameter): Name = "Case-EIA"; Value = "0603"; VariantName = "[No Variations]"
Add component (AddParameter): Name = "Distributor"; Value = "Mouser"; VariantName = "[No Variations]"
Add component (AddParameter): Name = "Distributor_Pn"; Value = "603-RT0402BRD0728KL"; VariantName = "[No Variations]"
Add component (AddParameter): Name = "Mfr"; Value = "Yageo"; VariantName = "[No Variations]"
Add component (AddParameter): Name = "Mfr_Pn"; Value = "RT0402BRD0728KL"; VariantName = "[No Variations]"
Add component (AddParameter): Name = "Tolerance"; Value = ".1%"; VariantName = "[No Variations]"
Add component (AddParameter): Name = "Value"; Value = "28k"; VariantName = "[No Variations]"
Added Component: Designator=R10(RESC0603(1608)_M)
Add component. Clean all parameters for all variants
Add component (AddParameter): Name = "Case-EIA"; Value = "0603"; VariantName = "[No Variations]"
Add component (AddParameter): Name = "Distributor"; Value = "Mouser"; VariantName = "[No Variations]"
Add component (AddParameter): Name = "Distributor_Pn"; Value = "603-RT0603FRE0712KL"; VariantName = "[No Variations]"
Add component (AddParameter): Name = "Mfr"; Value = "Yageo"; VariantName = "[No Variations]"
Add component (AddParameter): Name = "Mfr_Pn"; Value = "RT0603FRE0712KL"; VariantName = "[No Variations]"
Add component (AddParameter): Name = "Tolerance"; Value = "5 %"; VariantName = "[No Variations]"
Add component (AddParameter): Name = "Value"; Value = "12k"; VariantName = "[No Variations]"
Added Component: Designator=R11(RESC0603(1608)_M)
Add component. Clean all parameters for all variants
Add component (AddParameter): Name = "Case-EIA"; Value = "0603"; VariantName = "[No Variations]"
Add component (AddParameter): Name = "Distributor"; Value = "Mouser"; VariantName = "[No Variations]"
Add component (AddParameter): Name = "Distributor_Pn"; Value = "603-RT0603FRE0712KL"; VariantName = "[No Variations]"
Add component (AddParameter): Name = "Mfr"; Value = "Yageo"; VariantName = "[No Variations]"
Add component (AddParameter): Name = "Mfr_Pn"; Value = "RT0603FRE0712KL"; VariantName = "[No Variations]"
Add component (AddParameter): Name = "Tolerance"; Value = "5 %"; VariantName = "[No Variations]"
Add component (AddParameter): Name = "Value"; Value = "12k"; VariantName = "[No Variations]"
Added Component: Designator=R12(RESC0603(1608)_M)
Add component. Clean all parameters for all variants
Add component (AddParameter): Name = "Case-EIA"; Value = "0603"; VariantName = "[No Variations]"
Add component (AddParameter): Name = "Distributor"; Value = "Mouser"; VariantName = "[No Variations]"
Add component (AddParameter): Name = "Distributor_Pn"; Value = "603-RC0402FR-072ML"; VariantName = "[No Variations]"
Add component (AddParameter): Name = "Mfr"; Value = "Yageo"; VariantName = "[No Variations]"
Add component (AddParameter): Name = "Mfr_Pn"; Value = "RC0402FR-072ML"; VariantName = "[No Variations]"
Add component (AddParameter): Name = "Tolerance"; Value = "5 %"; VariantName = "[No Variations]"
Add component (AddParameter): Name = "Value"; Value = "2M"; VariantName = "[No Variations]"
Added Component: Designator=R13(RESC0603(1608)_M)
Add component. Clean all parameters for all variants
Add component (AddParameter): Name = "Case-EIA"; Value = "0603"; VariantName = "[No Variations]"
Add component (AddParameter): Name = "Distributor"; Value = "Mouser"; VariantName = "[No Variations]"
Add component (AddParameter): Name = "Distributor_Pn"; Value = "603-RC0603FR-071M6L"; VariantName = "[No Variations]"
Add component (AddParameter): Name = "Mfr"; Value = "Yageo"; VariantName = "[No Variations]"
Add component (AddParameter): Name = "Mfr_Pn"; Value = "RC0603FR-071M6L"; VariantName = "[No Variations]"
Add component (AddParameter): Name = "Tolerance"; Value = "5 %"; VariantName = "[No Variations]"
Add component (AddParameter): Name = "Value"; Value = "1.6M"; VariantName = "[No Variations]"
Added Component: Designator=R14(RESC0603(1608)_M)
Add component. Clean all parameters for all variants
Add component (AddParameter): Name = "Case-EIA"; Value = "0603"; VariantName = "[No Variations]"
Add component (AddParameter): Name = "Distributor"; Value = "Mouser"; VariantName = "[No Variations]"
Add component (AddParameter): Name = "Distributor_Pn"; Value = "603-RC0402FR-072ML"; VariantName = "[No Variations]"
Add component (AddParameter): Name = "Mfr"; Value = "Yageo"; VariantName = "[No Variations]"
Add component (AddParameter): Name = "Mfr_Pn"; Value = "RC0402FR-072ML"; VariantName = "[No Variations]"
Add component (AddParameter): Name = "Tolerance"; Value = "5 %"; VariantName = "[No Variations]"
Add component (AddParameter): Name = "Value"; Value = "2M"; VariantName = "[No Variations]"
Added Component: Designator=R15(6-0805_L)
Add component. Clean all parameters for all variants
Add component (AddParameter): Name = "Case-EIA"; Value = "0603"; VariantName = "[No Variations]"
Add component (AddParameter): Name = "Distributor"; Value = "Mouser"; VariantName = "[No Variations]"
Add component (AddParameter): Name = "Distributor_Pn"; Value = "603-RT1206FRE07806KL"; VariantName = "[No Variations]"
Add component (AddParameter): Name = "Mfr"; Value = "Yageo"; VariantName = "[No Variations]"
Add component (AddParameter): Name = "Mfr_Pn"; Value = "RT1206FRE07806KL"; VariantName = "[No Variations]"
Add component (AddParameter): Name = "Tolerance"; Value = "5 %"; VariantName = "[No Variations]"
Add component (AddParameter): Name = "Value"; Value = "806k"; VariantName = "[No Variations]"
Added Component: Designator=R16(RESC0603(1608)_M)
Add component. Clean all parameters for all variants
Add component (AddParameter): Name = "Case-EIA"; Value = "0603"; VariantName = "[No Variations]"
Add component (AddParameter): Name = "Distributor"; Value = "Mouser"; VariantName = "[No Variations]"
Add component (AddParameter): Name = "Distributor_Pn"; Value = ""; VariantName = "[No Variations]"
Add component (AddParameter): Name = "Mfr"; Value = "Susumu"; VariantName = "[No Variations]"
Add component (AddParameter): Name = "Mfr_Pn"; Value = "RR0816P-104-D"; VariantName = "[No Variations]"
Add component (AddParameter): Name = "Tolerance"; Value = "5 %"; VariantName = "[No Variations]"
Add component (AddParameter): Name = "Value"; Value = "4.7k"; VariantName = "[No Variations]"
Added Component: Designator=R17(RESC0603(1608)_M)
Add component. Clean all parameters for all variants
Add component (AddParameter): Name = "Case-EIA"; Value = "0603"; VariantName = "[No Variations]"
Add component (AddParameter): Name = "Distributor"; Value = "Mouser"; VariantName = "[No Variations]"
Add component (AddParameter): Name = "Distributor_Pn"; Value = "603-RT0603FRE0720KL"; VariantName = "[No Variations]"
Add component (AddParameter): Name = "Mfr"; Value = "Yageo"; VariantName = "[No Variations]"
Add component (AddParameter): Name = "Mfr_Pn"; Value = "RT0603FRE0720KL"; VariantName = "[No Variations]"
Add component (AddParameter): Name = "Tolerance"; Value = "1%"; VariantName = "[No Variations]"
Add component (AddParameter): Name = "Value"; Value = "20k"; VariantName = "[No Variations]"
Added Component: Designator=R18(RESC0603(1608)_M)
Add component. Clean all parameters for all variants
Add component (AddParameter): Name = "Case-EIA"; Value = "0603"; VariantName = "[No Variations]"
Add component (AddParameter): Name = "Distributor"; Value = "Mouser"; VariantName = "[No Variations]"
Add component (AddParameter): Name = "Distributor_Pn"; Value = "594-MCT06030Z0000ZP5"; VariantName = "[No Variations]"
Add component (AddParameter): Name = "Mfr"; Value = "Vishay"; VariantName = "[No Variations]"
Add component (AddParameter): Name = "Mfr_Pn"; Value = "MCT06030Z0000ZP500"; VariantName = "[No Variations]"
Add component (AddParameter): Name = "Tolerance"; Value = "5 %"; VariantName = "[No Variations]"
Add component (AddParameter): Name = "Value"; Value = "0"; VariantName = "[No Variations]"
Added Component: Designator=R19(6-0805_L)
Add component. Clean all parameters for all variants
Add component (AddParameter): Name = "Case-EIA"; Value = "0603"; VariantName = "[No Variations]"
Add component (AddParameter): Name = "Distributor"; Value = "Mouser"; VariantName = "[No Variations]"
Add component (AddParameter): Name = "Distributor_Pn"; Value = "279-RN73CA-6.04K"; VariantName = "[No Variations]"
Add component (AddParameter): Name = "Mfr"; Value = "TE Connectivity"; VariantName = "[No Variations]"
Add component (AddParameter): Name = "Mfr_Pn"; Value = "RN73C2A6K04BTDF"; VariantName = "[No Variations]"
Add component (AddParameter): Name = "Temp Cpef"; Value = "3300ppm"; VariantName = "[No Variations]"
Add component (AddParameter): Name = "Tolerance"; Value = "5 %"; VariantName = "[No Variations]"
Add component (AddParameter): Name = "Value"; Value = "6.04k"; VariantName = "[No Variations]"
Added Component: Designator=R20(RESC0603(1608)_M)
Add component. Clean all parameters for all variants
Add component (AddParameter): Name = "Case-EIA"; Value = "0603"; VariantName = "[No Variations]"
Add component (AddParameter): Name = "Distributor"; Value = "Mouser"; VariantName = "[No Variations]"
Add component (AddParameter): Name = "Distributor_Pn"; Value = "603-RT0603FRE0710KL"; VariantName = "[No Variations]"
Add component (AddParameter): Name = "Mfr"; Value = "Yageo"; VariantName = "[No Variations]"
Add component (AddParameter): Name = "Mfr_Pn"; Value = "RT0603FRE0710KL"; VariantName = "[No Variations]"
Add component (AddParameter): Name = "Tolerance"; Value = "5 %"; VariantName = "[No Variations]"
Add component (AddParameter): Name = "Value"; Value = "10k"; VariantName = "[No Variations]"
Added Component: Designator=R21(RESC0603(1608)_M)
Add component. Clean all parameters for all variants
Add component (AddParameter): Name = "Case-EIA"; Value = "0603"; VariantName = "[No Variations]"
Add component (AddParameter): Name = "Distributor"; Value = "Mouser"; VariantName = "[No Variations]"
Add component (AddParameter): Name = "Distributor_Pn"; Value = "603-RT0603FRE0710KL"; VariantName = "[No Variations]"
Add component (AddParameter): Name = "Mfr"; Value = "Yageo"; VariantName = "[No Variations]"
Add component (AddParameter): Name = "Mfr_Pn"; Value = "RT0603FRE0710KL"; VariantName = "[No Variations]"
Add component (AddParameter): Name = "Tolerance"; Value = "5 %"; VariantName = "[No Variations]"
Add component (AddParameter): Name = "Value"; Value = "10k"; VariantName = "[No Variations]"
Added Component: Designator=R22(RESC0603(1608)_M)
Add component. Clean all parameters for all variants
Add component (AddParameter): Name = "Case-EIA"; Value = "0603"; VariantName = "[No Variations]"
Add component (AddParameter): Name = "Distributor"; Value = "Mouser"; VariantName = "[No Variations]"
Add component (AddParameter): Name = "Distributor_Pn"; Value = "603-RT0603DRD07300KL"; VariantName = "[No Variations]"
Add component (AddParameter): Name = "Mfr"; Value = "Yageo"; VariantName = "[No Variations]"
Add component (AddParameter): Name = "Mfr_Pn"; Value = "RT0603DRD07300KL"; VariantName = "[No Variations]"
Add component (AddParameter): Name = "Tolerance"; Value = "5 %"; VariantName = "[No Variations]"
Add component (AddParameter): Name = "Value"; Value = "300k"; VariantName = "[No Variations]"
Added Component: Designator=R23(RESC0603(1608)_M)
Add component. Clean all parameters for all variants
Add component (AddParameter): Name = "Case-EIA"; Value = "0603"; VariantName = "[No Variations]"
Add component (AddParameter): Name = "Distributor"; Value = "Mouser"; VariantName = "[No Variations]"
Add component (AddParameter): Name = "Distributor_Pn"; Value = "603-RT0603BRD0751RL"; VariantName = "[No Variations]"
Add component (AddParameter): Name = "Mfr"; Value = "Yageo"; VariantName = "[No Variations]"
Add component (AddParameter): Name = "Mfr_Pn"; Value = "RT0603BRD0751RL"; VariantName = "[No Variations]"
Add component (AddParameter): Name = "Tolerance"; Value = "5 %"; VariantName = "[No Variations]"
Add component (AddParameter): Name = "Value"; Value = "51"; VariantName = "[No Variations]"
Added Component: Designator=R24(RESC0603(1608)_M)
Add component. Clean all parameters for all variants
Add component (AddParameter): Name = "Case-EIA"; Value = "0603"; VariantName = "[No Variations]"
Add component (AddParameter): Name = "Distributor"; Value = "Mouser"; VariantName = "[No Variations]"
Add component (AddParameter): Name = "Distributor_Pn"; Value = "603-RT0603DRE07200RL"; VariantName = "[No Variations]"
Add component (AddParameter): Name = "Mfr"; Value = "Yageo"; VariantName = "[No Variations]"
Add component (AddParameter): Name = "Mfr_Pn"; Value = "RT0603DRE07200RL"; VariantName = "[No Variations]"
Add component (AddParameter): Name = "Tolerance"; Value = "5 %"; VariantName = "[No Variations]"
Add component (AddParameter): Name = "Value"; Value = "200"; VariantName = "[No Variations]"
Added Component: Designator=R25(RESC0603(1608)_M)
Add component. Clean all parameters for all variants
Add component (AddParameter): Name = "Case-EIA"; Value = "0603"; VariantName = "[No Variations]"
Add component (AddParameter): Name = "Distributor"; Value = "Mouser"; VariantName = "[No Variations]"
Add component (AddParameter): Name = "Distributor_Pn"; Value = "603-RT0603FRE07100KL"; VariantName = "[No Variations]"
Add component (AddParameter): Name = "Mfr"; Value = "Yageo"; VariantName = "[No Variations]"
Add component (AddParameter): Name = "Mfr_Pn"; Value = "RT0603FRE07100KL"; VariantName = "[No Variations]"
Add component (AddParameter): Name = "Tolerance"; Value = "1 %"; VariantName = "[No Variations]"
Add component (AddParameter): Name = "Value"; Value = "100k"; VariantName = "[No Variations]"
Added Component: Designator=U1(SOIC14)
Add component. Clean all parameters for all variants
Add component (AddParameter): Name = "Distributor"; Value = "Mouser"; VariantName = "[No Variations]"
Add component (AddParameter): Name = "Distributor_Pn"; Value = "887-340S14-U"; VariantName = "[No Variations]"
Add component (AddParameter): Name = "Mfr"; Value = "THAT Corp"; VariantName = "[No Variations]"
Add component (AddParameter): Name = "Mfr_Pn"; Value = "340S14-U"; VariantName = "[No Variations]"
Added Component: Designator=U2(SOIC20THAT)
Add component. Clean all parameters for all variants
Add component (AddParameter): Name = "Distributor"; Value = "Mouser"; VariantName = "[No Variations]"
Add component (AddParameter): Name = "Distributor_Pn"; Value = "887-4301W20-U"; VariantName = "[No Variations]"
Add component (AddParameter): Name = "Mfr"; Value = "THAT Corp"; VariantName = "[No Variations]"
Add component (AddParameter): Name = "Mfr_Pn"; Value = "4301W20-U"; VariantName = "[No Variations]"
Added Component: Designator=U3(D0008A_L)
Add component. Clean all parameters for all variants
Add component (AddParameter): Name = "Code_IPC"; Value = "SOIC127P600-8"; VariantName = "[No Variations]"
Add component (AddParameter): Name = "Code_JEDEC"; Value = "MS-012-AA"; VariantName = "[No Variations]"
Add component (AddParameter): Name = "Code_JEITA"; Value = ""; VariantName = "[No Variations]"
Add component (AddParameter): Name = "ComponentLink1Description"; Value = "Datasheet URL"; VariantName = "[No Variations]"
Add component (AddParameter): Name = "ComponentLink1URL"; Value = "http://www.ti.com/general/docs/lit/getliterature.tsp?genericPartNumber=LM393-N&fileType=pdf"; VariantName = "[No Variations]"
Add component (AddParameter): Name = "CompType"; Value = "Amplifiers"; VariantName = "[No Variations]"
Add component (AddParameter): Name = "Distributor"; Value = "Mouser"; VariantName = "[No Variations]"
Add component (AddParameter): Name = "Distributor_Pn"; Value = "595-LM393DR"; VariantName = "[No Variations]"
Add component (AddParameter): Name = "High-Reliability"; Value = ""; VariantName = "[No Variations]"
Add component (AddParameter): Name = "Manufacturer"; Value = "Texas Instruments"; VariantName = "[No Variations]"
Add component (AddParameter): Name = "Mfr"; Value = "Texas Instruments"; VariantName = "[No Variations]"
Add component (AddParameter): Name = "Mfr_Pn"; Value = "LM393DR"; VariantName = "[No Variations]"
Add component (AddParameter): Name = "PackageDescription"; Value = "SOIC Narrow, 4.9 x 3.9 x 1.45mm, 8 Lead, 1.27mm Pitch"; VariantName = "[No Variations]"
Add component (AddParameter): Name = "Package Reference"; Value = "D0008A"; VariantName = "[No Variations]"
Add component (AddParameter): Name = "PackageTopMarking"; Value = "NSZXTT*LM*393M"; VariantName = "[No Variations]"
Add component (AddParameter): Name = "PartNumber"; Value = ""; VariantName = "[No Variations]"
Add component (AddParameter): Name = "PinCount"; Value = "8"; VariantName = "[No Variations]"
Add component (AddParameter): Name = "PowerWise"; Value = "N"; VariantName = "[No Variations]"
Add component (AddParameter): Name = "RoHS"; Value = "N"; VariantName = "[No Variations]"
Added Component: Designator=U4(D0008A_M)
Add component. Clean all parameters for all variants
Add component (AddParameter): Name = "Code_IPC"; Value = "SOIC127P600-8"; VariantName = "[No Variations]"
Add component (AddParameter): Name = "Code_JEDEC"; Value = "MS-012-AA"; VariantName = "[No Variations]"
Add component (AddParameter): Name = "Code_JEITA"; Value = ""; VariantName = "[No Variations]"
Add component (AddParameter): Name = "ComponentLink1Description"; Value = "Datasheet URL"; VariantName = "[No Variations]"
Add component (AddParameter): Name = "ComponentLink1URL"; Value = "http://www.ti.com/general/docs/lit/getliterature.tsp?genericPartNumber=LF353-N&fileType=pdf"; VariantName = "[No Variations]"
Add component (AddParameter): Name = "CompType"; Value = "Amplifiers"; VariantName = "[No Variations]"
Add component (AddParameter): Name = "Distributor"; Value = "Mouser"; VariantName = "[No Variations]"
Add component (AddParameter): Name = "Distributor_Pn"; Value = ""; VariantName = "[No Variations]"
Add component (AddParameter): Name = "High-Reliability"; Value = ""; VariantName = "[No Variations]"
Add component (AddParameter): Name = "Manufacturer"; Value = "Texas Instruments"; VariantName = "[No Variations]"
Add component (AddParameter): Name = "Mfr"; Value = "Texas Instruments"; VariantName = "[No Variations]"
Add component (AddParameter): Name = "Mfr_Pn"; Value = "LF353MX/NOPB"; VariantName = "[No Variations]"
Add component (AddParameter): Name = "PackageDescription"; Value = "SOIC Narrow, 4.9 x 3.9 x 1.45mm, 8 Lead, 1.27mm Pitch"; VariantName = "[No Variations]"
Add component (AddParameter): Name = "Package Reference"; Value = "D0008A"; VariantName = "[No Variations]"
Add component (AddParameter): Name = "PackageTopMarking"; Value = "NSZXTT*LF353*M"; VariantName = "[No Variations]"
Add component (AddParameter): Name = "PartNumber"; Value = ""; VariantName = "[No Variations]"
Add component (AddParameter): Name = "PinCount"; Value = "8"; VariantName = "[No Variations]"
Add component (AddParameter): Name = "PowerWise"; Value = "N"; VariantName = "[No Variations]"
Add component (AddParameter): Name = "RoHS"; Value = "N"; VariantName = "[No Variations]"
Added Component: Designator=VR1(SonGueiPot)
Add component. Clean all parameters for all variants
Add component (AddParameter): Name = "ComponentLink1Description"; Value = "Manufacturer URL"; VariantName = "[No Variations]"
Add component (AddParameter): Name = "ComponentLink1URL"; Value = "http://www.bourns.com/"; VariantName = "[No Variations]"
Add component (AddParameter): Name = "ComponentLink2Description"; Value = "Datasheet"; VariantName = "[No Variations]"
Add component (AddParameter): Name = "ComponentLink2URL"; Value = "http://www.bourns.com/data/global/pdfs/3006.pdf"; VariantName = "[No Variations]"
Add component (AddParameter): Name = "ComponentLink3Description"; Value = "Package Specification"; VariantName = "[No Variations]"
Add component (AddParameter): Name = "ComponentLink3URL"; Value = "http://www.bourns.com/data/global/pdfs/3006.pdf"; VariantName = "[No Variations]"
Add component (AddParameter): Name = "DatasheetVersion"; Value = "Apr-14"; VariantName = "[No Variations]"
Add component (AddParameter): Name = "Distributor"; Value = "Mouser"; VariantName = "[No Variations]"
Add component (AddParameter): Name = "Distributor_Pn"; Value = ""; VariantName = "[No Variations]"
Add component (AddParameter): Name = "Manufacturer"; Value = "Bourns"; VariantName = "[No Variations]"
Add component (AddParameter): Name = "Mounting Technology"; Value = "Through Hole"; VariantName = "[No Variations]"
Add component (AddParameter): Name = "Number of Turns"; Value = "15"; VariantName = "[No Variations]"
Add component (AddParameter): Name = "PackageDescription"; Value = "3-Pin THD, Body 19.05 x 4.83 mm, Height 6.6 mm"; VariantName = "[No Variations]"
Add component (AddParameter): Name = "PackageReference"; Value = "3006P-3"; VariantName = "[No Variations]"
Add component (AddParameter): Name = "PackageVersion"; Value = "Apr-14"; VariantName = "[No Variations]"
Add component (AddParameter): Name = "PartNumber"; Value = "3006P-7-502ZLF"; VariantName = "[No Variations]"
Add component (AddParameter): Name = "Resistance (kOhm)"; Value = "5"; VariantName = "[No Variations]"
Add component (AddParameter): Name = "Resistance Tolerance"; Value = "+/- 10%"; VariantName = "[No Variations]"
Add component (AddParameter): Name = "RoHS"; Value = "TRUE"; VariantName = "[No Variations]"
Add component (AddParameter): Name = "Rotational Life"; Value = "200 Cycles"; VariantName = "[No Variations]"
Add component (AddParameter): Name = "Temperature Range"; Value = "-55 to 125 degC"; VariantName = "[No Variations]"
Added Component: Designator=VR2(SonGueiPot)
Add component. Clean all parameters for all variants
Add component (AddParameter): Name = "ComponentLink1Description"; Value = "Manufacturer URL"; VariantName = "[No Variations]"
Add component (AddParameter): Name = "ComponentLink1URL"; Value = "http://www.bourns.com/"; VariantName = "[No Variations]"
Add component (AddParameter): Name = "ComponentLink2Description"; Value = "Datasheet"; VariantName = "[No Variations]"
Add component (AddParameter): Name = "ComponentLink2URL"; Value = "http://www.bourns.com/data/global/pdfs/3006.pdf"; VariantName = "[No Variations]"
Add component (AddParameter): Name = "ComponentLink3Description"; Value = "Package Specification"; VariantName = "[No Variations]"
Add component (AddParameter): Name = "ComponentLink3URL"; Value = "http://www.bourns.com/data/global/pdfs/3006.pdf"; VariantName = "[No Variations]"
Add component (AddParameter): Name = "DatasheetVersion"; Value = "Apr-14"; VariantName = "[No Variations]"
Add component (AddParameter): Name = "Distributor"; Value = "Mouser"; VariantName = "[No Variations]"
Add component (AddParameter): Name = "Distributor_Pn"; Value = ""; VariantName = "[No Variations]"
Add component (AddParameter): Name = "Manufacturer"; Value = "Bourns"; VariantName = "[No Variations]"
Add component (AddParameter): Name = "Mounting Technology"; Value = "Through Hole"; VariantName = "[No Variations]"
Add component (AddParameter): Name = "Number of Turns"; Value = "15"; VariantName = "[No Variations]"
Add component (AddParameter): Name = "PackageDescription"; Value = "3-Pin THD, Body 19.05 x 4.83 mm, Height 6.6 mm"; VariantName = "[No Variations]"
Add component (AddParameter): Name = "PackageReference"; Value = "3006P-3"; VariantName = "[No Variations]"
Add component (AddParameter): Name = "PackageVersion"; Value = "Apr-14"; VariantName = "[No Variations]"
Add component (AddParameter): Name = "PartNumber"; Value = "3006P-7-502ZLF"; VariantName = "[No Variations]"
Add component (AddParameter): Name = "Resistance (kOhm)"; Value = "5"; VariantName = "[No Variations]"
Add component (AddParameter): Name = "Resistance Tolerance"; Value = "+/- 10%"; VariantName = "[No Variations]"
Add component (AddParameter): Name = "RoHS"; Value = "TRUE"; VariantName = "[No Variations]"
Add component (AddParameter): Name = "Rotational Life"; Value = "200 Cycles"; VariantName = "[No Variations]"
Add component (AddParameter): Name = "Temperature Range"; Value = "-55 to 125 degC"; VariantName = "[No Variations]"
Added Component: Designator=VR3(SonGueiPot)
Add component. Clean all parameters for all variants
Add component (AddParameter): Name = "ComponentLink1Description"; Value = "Manufacturer URL"; VariantName = "[No Variations]"
Add component (AddParameter): Name = "ComponentLink1URL"; Value = "http://www.bourns.com/"; VariantName = "[No Variations]"
Add component (AddParameter): Name = "ComponentLink2Description"; Value = "Datasheet"; VariantName = "[No Variations]"
Add component (AddParameter): Name = "ComponentLink2URL"; Value = "http://www.bourns.com/data/global/pdfs/3006.pdf"; VariantName = "[No Variations]"
Add component (AddParameter): Name = "ComponentLink3Description"; Value = "Package Specification"; VariantName = "[No Variations]"
Add component (AddParameter): Name = "ComponentLink3URL"; Value = "http://www.bourns.com/data/global/pdfs/3006.pdf"; VariantName = "[No Variations]"
Add component (AddParameter): Name = "DatasheetVersion"; Value = "Apr-14"; VariantName = "[No Variations]"
Add component (AddParameter): Name = "Distributor"; Value = "Mouser"; VariantName = "[No Variations]"
Add component (AddParameter): Name = "Distributor_Pn"; Value = ""; VariantName = "[No Variations]"
Add component (AddParameter): Name = "Manufacturer"; Value = "Bourns"; VariantName = "[No Variations]"
Add component (AddParameter): Name = "Mounting Technology"; Value = "Through Hole"; VariantName = "[No Variations]"
Add component (AddParameter): Name = "Number of Turns"; Value = "15"; VariantName = "[No Variations]"
Add component (AddParameter): Name = "PackageDescription"; Value = "3-Pin THD, Body 19.05 x 4.83 mm, Height 6.6 mm"; VariantName = "[No Variations]"
Add component (AddParameter): Name = "PackageReference"; Value = "3006P-3"; VariantName = "[No Variations]"
Add component (AddParameter): Name = "PackageVersion"; Value = "Apr-14"; VariantName = "[No Variations]"
Add component (AddParameter): Name = "PartNumber"; Value = "3006P-7-502ZLF"; VariantName = "[No Variations]"
Add component (AddParameter): Name = "Resistance (kOhm)"; Value = "5"; VariantName = "[No Variations]"
Add component (AddParameter): Name = "Resistance Tolerance"; Value = "+/- 10%"; VariantName = "[No Variations]"
Add component (AddParameter): Name = "RoHS"; Value = "TRUE"; VariantName = "[No Variations]"
Add component (AddParameter): Name = "Rotational Life"; Value = "200 Cycles"; VariantName = "[No Variations]"
Add component (AddParameter): Name = "Temperature Range"; Value = "-55 to 125 degC"; VariantName = "[No Variations]"
Added Pin To Net: NetName=+12V Pin=C3-1
Added Pin To Net: NetName=+12V Pin=C7-1
Added Pin To Net: NetName=+12V Pin=C10-1
Added Pin To Net: NetName=+12V Pin=C12-1
Added Pin To Net: NetName=+12V Pin=C13-1
Added Pin To Net: NetName=+12V Pin=D4-2
Added Pin To Net: NetName=+12V Pin=R13-2
Added Pin To Net: NetName=+12V Pin=R16-1
Added Pin To Net: NetName=+12V Pin=U2-11
Added Pin To Net: NetName=+12V Pin=U3-8
Added Pin To Net: NetName=+12V Pin=U4-8
Added Pin To Net: NetName=+12V Pin=VR1-3
Added Pin To Net: NetName=+12V Pin=VR2-3
Added Pin To Net: NetName=+12V Pin=VR3-3
Added Net: Name=+12V
Added Pin To Net: NetName=-12V Pin=C14-2
Added Pin To Net: NetName=-12V Pin=C15-2
Added Pin To Net: NetName=-12V Pin=D5-1
Added Pin To Net: NetName=-12V Pin=R1-1
Added Pin To Net: NetName=-12V Pin=R12-1
Added Pin To Net: NetName=-12V Pin=U2-10
Added Pin To Net: NetName=-12V Pin=U4-4
Added Pin To Net: NetName=-12V Pin=VR1-1
Added Pin To Net: NetName=-12V Pin=VR2-1
Added Pin To Net: NetName=-12V Pin=VR3-1
Added Net: Name=-12V
Added Pin To Net: NetName=GND Pin=C3-2
Added Pin To Net: NetName=GND Pin=C7-2
Added Pin To Net: NetName=GND Pin=C9-2
Added Pin To Net: NetName=GND Pin=C10-2
Added Pin To Net: NetName=GND Pin=C12-2
Added Pin To Net: NetName=GND Pin=C13-2
Added Pin To Net: NetName=GND Pin=C14-1
Added Pin To Net: NetName=GND Pin=C15-1
Added Pin To Net: NetName=GND Pin=J1-1
Added Pin To Net: NetName=GND Pin=J2-1
Added Pin To Net: NetName=GND Pin=J3-1
Added Pin To Net: NetName=GND Pin=P1-3
Added Pin To Net: NetName=GND Pin=P1-4
Added Pin To Net: NetName=GND Pin=P1-5
Added Pin To Net: NetName=GND Pin=P1-6
Added Pin To Net: NetName=GND Pin=P1-7
Added Pin To Net: NetName=GND Pin=P1-8
Added Pin To Net: NetName=GND Pin=R7-1
Added Pin To Net: NetName=GND Pin=R23-2
Added Pin To Net: NetName=GND Pin=U1-3
Added Pin To Net: NetName=GND Pin=U1-4
Added Pin To Net: NetName=GND Pin=U1-5
Added Pin To Net: NetName=GND Pin=U2-8
Added Pin To Net: NetName=GND Pin=U2-9
Added Pin To Net: NetName=GND Pin=U2-20
Added Pin To Net: NetName=GND Pin=U3-2
Added Pin To Net: NetName=GND Pin=U3-4
Added Pin To Net: NetName=GND Pin=U3-5
Added Pin To Net: NetName=GND Pin=U4-3
Added Pin To Net: NetName=GND Pin=U4-5
Added Net: Name=GND
Added Pin To Net: NetName=NetC1_1 Pin=C1-1
Added Pin To Net: NetName=NetC1_1 Pin=R3-2
Added Net: Name=NetC1_1
Added Pin To Net: NetName=NetC1_2 Pin=C1-2
Added Pin To Net: NetName=NetC1_2 Pin=J2-2
Added Pin To Net: NetName=NetC1_2 Pin=R2-1
Added Net: Name=NetC1_2
Added Pin To Net: NetName=NetC2_1 Pin=C2-1
Added Pin To Net: NetName=NetC2_1 Pin=R9-1
Added Net: Name=NetC2_1
Added Pin To Net: NetName=NetC2_2 Pin=C2-2
Added Pin To Net: NetName=NetC2_2 Pin=R8-1
Added Net: Name=NetC2_2
Added Pin To Net: NetName=NetC4_1 Pin=C4-1
Added Pin To Net: NetName=NetC4_1 Pin=R18-2
Added Pin To Net: NetName=NetC4_1 Pin=R19-1
Added Pin To Net: NetName=NetC4_1 Pin=U2-7
Added Net: Name=NetC4_1
Added Pin To Net: NetName=NetC4_2 Pin=C4-2
Added Pin To Net: NetName=NetC4_2 Pin=R15-2
Added Pin To Net: NetName=NetC4_2 Pin=R19-2
Added Pin To Net: NetName=NetC4_2 Pin=U1-8
Added Pin To Net: NetName=NetC4_2 Pin=U1-14
Added Pin To Net: NetName=NetC4_2 Pin=U2-6
Added Net: Name=NetC4_2
Added Pin To Net: NetName=NetC5_1 Pin=C5-1
Added Pin To Net: NetName=NetC5_1 Pin=J3-3
Added Pin To Net: NetName=NetC5_1 Pin=R17-1
Added Pin To Net: NetName=NetC5_1 Pin=U2-12
Added Net: Name=NetC5_1
Added Pin To Net: NetName=NetC5_2 Pin=C5-2
Added Pin To Net: NetName=NetC5_2 Pin=R17-2
Added Pin To Net: NetName=NetC5_2 Pin=U2-13
Added Net: Name=NetC5_2
Added Pin To Net: NetName=NetC6_1 Pin=C6-1
Added Pin To Net: NetName=NetC6_1 Pin=R24-2
Added Pin To Net: NetName=NetC6_1 Pin=U4-1
Added Net: Name=NetC6_1
Added Pin To Net: NetName=NetC6_2 Pin=C6-2
Added Pin To Net: NetName=NetC6_2 Pin=C8-2
Added Pin To Net: NetName=NetC6_2 Pin=R14-2
Added Pin To Net: NetName=NetC6_2 Pin=U4-2
Added Net: Name=NetC6_2
Added Pin To Net: NetName=NetC8_1 Pin=C8-1
Added Pin To Net: NetName=NetC8_1 Pin=C11-1
Added Pin To Net: NetName=NetC8_1 Pin=U2-5
Added Net: Name=NetC8_1
Added Pin To Net: NetName=NetC11_2 Pin=C11-2
Added Pin To Net: NetName=NetC11_2 Pin=R14-1
Added Pin To Net: NetName=NetC11_2 Pin=R24-1
Added Net: Name=NetC11_2
Added Pin To Net: NetName=NetCV_1 Pin=CV-1
Added Pin To Net: NetName=NetCV_1 Pin=R18-1
Added Pin To Net: NetName=NetCV_1 Pin=U2-16
Added Net: Name=NetCV_1
Added Pin To Net: NetName=NetD3_1 Pin=Q1-3
Added Pin To Net: NetName=NetD3_1 Pin=R21-2
Added Pin To Net: NetName=NetD3_1 Pin=U3-1
Added Net: Name=NetD3_1
Added Pin To Net: NetName=NetD3_2 Pin=Q2-3
Added Pin To Net: NetName=NetD3_2 Pin=R20-2
Added Pin To Net: NetName=NetD3_2 Pin=U3-7
Added Net: Name=NetD3_2
Added Pin To Net: NetName=NetD4_1 Pin=D4-1
Added Pin To Net: NetName=NetD4_1 Pin=P1-1
Added Pin To Net: NetName=NetD4_1 Pin=P1-2
Added Net: Name=NetD4_1
Added Pin To Net: NetName=NetD5_2 Pin=D5-2
Added Pin To Net: NetName=NetD5_2 Pin=P1-9
Added Pin To Net: NetName=NetD5_2 Pin=P1-10
Added Net: Name=NetD5_2
Added Pin To Net: NetName=NetEC+_1 Pin=EC+-1
Added Pin To Net: NetName=NetEC+_1 Pin=R25-1
Added Net: Name=NetEC+_1
Added Pin To Net: NetName=NetJ1_3 Pin=J1-3
Added Pin To Net: NetName=NetJ1_3 Pin=R2-2
Added Net: Name=NetJ1_3
Added Pin To Net: NetName=NetJ2_3 Pin=J2-3
Added Pin To Net: NetName=NetJ2_3 Pin=R8-2
Added Net: Name=NetJ2_3
Added Pin To Net: NetName=NetQ1_1 Pin=Q1-1
Added Pin To Net: NetName=NetQ1_1 Pin=Q2-1
Added Pin To Net: NetName=NetQ1_1 Pin=R16-2
Added Net: Name=NetQ1_1
Added Pin To Net: NetName=NetQ1_2 Pin=Q1-2
Added Pin To Net: NetName=NetQ1_2 Pin=R20-1
Added Net: Name=NetQ1_2
Added Pin To Net: NetName=NetQ2_2 Pin=Q2-2
Added Pin To Net: NetName=NetQ2_2 Pin=R21-1
Added Net: Name=NetQ2_2
Added Pin To Net: NetName=NetR1_2 Pin=R1-2
Added Pin To Net: NetName=NetR1_2 Pin=U1-6
Added Pin To Net: NetName=NetR1_2 Pin=U1-7
Added Pin To Net: NetName=NetR1_2 Pin=U1-9
Added Net: Name=NetR1_2
Added Pin To Net: NetName=NetR3_1 Pin=R3-1
Added Pin To Net: NetName=NetR3_1 Pin=U2-17
Added Net: Name=NetR3_1
Added Pin To Net: NetName=NetR4_1 Pin=R4-1
Added Pin To Net: NetName=NetR4_1 Pin=R6-2
Added Pin To Net: NetName=NetR4_1 Pin=VR1-2
Added Net: Name=NetR4_1
Added Pin To Net: NetName=NetR4_2 Pin=R4-2
Added Pin To Net: NetName=NetR4_2 Pin=R7-2
Added Pin To Net: NetName=NetR4_2 Pin=U1-10
Added Net: Name=NetR4_2
Added Pin To Net: NetName=NetR5_1 Pin=R5-1
Added Pin To Net: NetName=NetR5_1 Pin=R6-1
Added Pin To Net: NetName=NetR5_1 Pin=R10-2
Added Pin To Net: NetName=NetR5_1 Pin=U2-19
Added Net: Name=NetR5_1
Added Pin To Net: NetName=NetR5_2 Pin=R5-2
Added Pin To Net: NetName=NetR5_2 Pin=U2-4
Added Net: Name=NetR5_2
Added Pin To Net: NetName=NetR9_2 Pin=R9-2
Added Pin To Net: NetName=NetR9_2 Pin=U2-1
Added Net: Name=NetR9_2
Added Pin To Net: NetName=NetR10_1 Pin=R10-1
Added Pin To Net: NetName=NetR10_1 Pin=R11-2
Added Pin To Net: NetName=NetR10_1 Pin=U2-18
Added Net: Name=NetR10_1
Added Pin To Net: NetName=NetR11_1 Pin=R11-1
Added Pin To Net: NetName=NetR11_1 Pin=U1-12
Added Pin To Net: NetName=NetR11_1 Pin=U3-3
Added Pin To Net: NetName=NetR11_1 Pin=U3-6
Added Net: Name=NetR11_1
Added Pin To Net: NetName=NetR12_2 Pin=R12-2
Added Pin To Net: NetName=NetR12_2 Pin=U2-2
Added Net: Name=NetR12_2
Added Pin To Net: NetName=NetR13_1 Pin=R13-1
Added Pin To Net: NetName=NetR13_1 Pin=U1-1
Added Pin To Net: NetName=NetR13_1 Pin=U1-2
Added Pin To Net: NetName=NetR13_1 Pin=U1-13
Added Net: Name=NetR13_1
Added Pin To Net: NetName=NetR15_1 Pin=R15-1
Added Pin To Net: NetName=NetR15_1 Pin=VR2-2
Added Net: Name=NetR15_1
Added Pin To Net: NetName=NetR22_1 Pin=R22-1
Added Pin To Net: NetName=NetR22_1 Pin=R23-1
Added Pin To Net: NetName=NetR22_1 Pin=U2-14
Added Net: Name=NetR22_1
Added Pin To Net: NetName=NetR22_2 Pin=R22-2
Added Pin To Net: NetName=NetR22_2 Pin=VR3-2
Added Net: Name=NetR22_2
Added Pin To Net: NetName=NetR25_2 Pin=R25-2
Added Pin To Net: NetName=NetR25_2 Pin=U2-15
Added Net: Name=NetR25_2
Added Pin To Net: NetName=NetU4_6 Pin=U4-6
Added Pin To Net: NetName=NetU4_6 Pin=U4-7
Added Net: Name=NetU4_6
Added Class: Name=CompressorWithDualLED
Added Room: Name=CompressorWithDualLED
